2025-07-27 09:59:59,690 : INFO : root : Loading config.
2025-07-27 09:59:59,735 : INFO : Machine : Mission Pinball Framework Core Engine v0.57.3
2025-07-27 09:59:59,735 : INFO : Machine : Command line arguments: {'no_load_cache': False, 'create_config_cache': True, 'bcp': True, 'configfile': ['config.yaml'], 'force_assets_load': False, 'platform_integration_test': False, 'jsonlogging': False, 'logfile': 'logs\\2025-07-27-09-59-59-mpf-WIN-LVVM2JFIIOI.log', 'pause': False, 'production': True, 'text_ui': True, 'loglevel': 15, 'consoleloglevel': 20, 'force_platform': None, 'syslog_address': None, 'mc_file_name': None, 'no_sound': False}
2025-07-27 09:59:59,735 : INFO : Machine : MPF path: C:\Program Files\Python311\Lib\site-packages\mpf
2025-07-27 09:59:59,735 : INFO : Machine : Machine path: C:\pinball\cthulhu
2025-07-27 09:59:59,735 : INFO : Machine : Platform: win32
2025-07-27 09:59:59,735 : INFO : Machine : Python executable location: C:\Program Files\Python311\python.exe
2025-07-27 09:59:59,735 : INFO : Machine : Python version: 3.11.9 (64-bit)
2025-07-27 09:59:59,737 : INFO : Machine : Initializing MPF...
2025-07-27 09:59:59,899 : INFO : OPP : Connecting to COM3 at 115200bps
2025-07-27 10:00:00,011 : INFO : OPP : Init of OPP board 0 done
2025-07-27 10:00:00,011 : INFO : OPP : Connecting to COM4 at 115200bps
2025-07-27 10:00:00,137 : INFO : OPP : Init of OPP board 3 done
2025-07-27 10:00:00,137 : INFO : OPP : Connecting to COM5 at 115200bps
2025-07-27 10:00:00,231 : INFO : OPP : Init of OPP board 1 done
2025-07-27 10:00:38,877 : INFO : Machine : Starting the main run loop with active modes: [<Mode.tilt>, <Mode.attract>]
2025-07-27 10:18:00,441 : WARNING : OPP : Poll took more than 250.0ms for 3
2025-07-27 10:18:48,278 : INFO : Machine : Shutting down...
2025-07-27 10:18:48,278 : ERROR : root : Exception while processing RegisteredHandler(callback=<bound method TextUi.stop of <mpf.core.text_ui.TextUi object at 0x000001E34BE776E0>>, priority=1, kwargs={}, key=UUID('40ea2483-32af-40fb-a466-6d69a27b1951'), condition=None, blocking_facility=None) for event shutdown. (233, 'SetConsoleActiveScreenBuffer', 'Il n’y a pas de processus à l’autre extrémité du canal.')
Traceback (most recent call last):
  File "C:\Program Files\Python311\Lib\site-packages\mpf\core\events.py", line 755, in _run_handlers
    result = handler.callback(**merged_kwargs)
             ^^^^^^^^^^^^^^^^^^^^^^^^^^^^^^^^^
  File "C:\Program Files\Python311\Lib\site-packages\mpf\core\text_ui.py", line 486, in stop
    self.screen.close(True)
  File "C:\Users\cthulhu\AppData\Roaming\Python\Python311\site-packages\asciimatics\screen.py", line 2047, in close
    self._old_out.SetConsoleActiveScreenBuffer()
pywintypes.error: (233, 'SetConsoleActiveScreenBuffer', 'Il n’y a pas de processus à l’autre extrémité du canal.')

The above exception was the direct cause of the following exception:

Traceback (most recent call last):
  File "C:\Program Files\Python311\Lib\site-packages\mpf\commands\game.py", line 240, in __init__
    self.machine.run()
  File "C:\Program Files\Python311\Lib\site-packages\mpf\core\machine.py", line 704, in run
    self._run_loop()
  File "C:\Program Files\Python311\Lib\site-packages\mpf\core\machine.py", line 814, in _run_loop
    self._do_stop()
  File "C:\Program Files\Python311\Lib\site-packages\mpf\core\machine.py", line 739, in _do_stop
    self.events.process_event_queue()
  File "C:\Program Files\Python311\Lib\site-packages\mpf\core\events.py", line 846, in process_event_queue
    self._process_event(event=event[0],
  File "C:\Program Files\Python311\Lib\site-packages\mpf\core\events.py", line 808, in _process_event
    result = self._run_handlers(event, ev_type, kwargs)
             ^^^^^^^^^^^^^^^^^^^^^^^^^^^^^^^^^^^^^^^^^^
  File "C:\Program Files\Python311\Lib\site-packages\mpf\core\events.py", line 757, in _run_handlers
    raise EventHandlerException(
mpf.core.events.EventHandlerException: Exception while processing RegisteredHandler(callback=<bound method TextUi.stop of <mpf.core.text_ui.TextUi object at 0x000001E34BE776E0>>, priority=1, kwargs={}, key=UUID('40ea2483-32af-40fb-a466-6d69a27b1951'), condition=None, blocking_facility=None) for event shutdown. (233, 'SetConsoleActiveScreenBuffer', 'Il n’y a pas de processus à l’autre extrémité du canal.')
