2025-10-31 09:27:37,912 : kivy : deps: Successfully imported "kivy_deps.gstreamer" 0.3.3
2025-10-31 09:27:37,912 : kivy : deps: Successfully imported "kivy_deps.angle" 0.3.3
2025-10-31 09:27:37,912 : kivy : deps: Successfully imported "kivy_deps.glew" 0.3.1
2025-10-31 09:27:37,912 : kivy : deps: Successfully imported "kivy_deps.sdl2" 0.6.0
2025-10-31 09:27:37,912 : kivy : Kivy: v2.2.1
2025-10-31 09:27:37,912 : kivy : Kivy: Installed at "C:\Program Files\Python311\Lib\site-packages\kivy\__init__.py"
2025-10-31 09:27:37,912 : kivy : Python: v3.11.9 (tags/v3.11.9:de54cf5, Apr  2 2024, 10:12:12) [MSC v.1938 64 bit (AMD64)]
2025-10-31 09:27:37,912 : kivy : Python: Interpreter at "C:\Program Files\Python311\python.exe"
2025-10-31 09:27:37,943 : kivy : Factory: 190 symbols loaded
2025-10-31 09:27:38,207 : kivy : ImageLoaderFFPy: Using ffpyplayer 4.5.1
2025-10-31 09:27:38,207 : kivy : Image: Providers: img_tex, img_dds, img_sdl2, img_pil, img_ffpyplayer 
2025-10-31 09:27:38,623 : kivy : VideoGstplayer: Using Gstreamer 1.18.5.0
2025-10-31 09:27:38,623 : kivy : Video: Provider: gstplayer
2025-10-31 09:27:38,664 : root : Loading MPF-MC controller
2025-10-31 09:27:38,685 : mpfmc : Mission Pinball Framework Media Controller (MPF-MC) v0.57.1. Requires MPF v0.57.0 or newer.
2025-10-31 09:27:38,685 : mpfmc : Found MPF v0.57.3
2025-10-31 09:27:38,685 : mpfmc : Machine path: C:\pinball\cthulhu
2025-10-31 09:27:38,686 : mpfmc : Starting clock at 60.0Hz
2025-10-31 09:27:38,704 : kivy : Text: Provider: sdl2
2025-10-31 09:27:38,754 : kivy : Window: Provider: sdl2
2025-10-31 09:27:39,093 : kivy : GL: Using the "OpenGL" graphics system
2025-10-31 09:27:39,110 : kivy : GL: GLEW initialization succeeded
2025-10-31 09:27:39,110 : kivy : GL: Backend used <glew>
2025-10-31 09:27:39,110 : kivy : GL: OpenGL version <b'4.6.0 Compatibility Profile Context 22.20.27.09.230330'>
2025-10-31 09:27:39,110 : kivy : GL: OpenGL vendor <b'ATI Technologies Inc.'>
2025-10-31 09:27:39,110 : kivy : GL: OpenGL renderer <b'AMD Radeon (TM) Graphics'>
2025-10-31 09:27:39,110 : kivy : GL: OpenGL parsed version: 4, 6
2025-10-31 09:27:39,110 : kivy : GL: Shading version <b'4.60'>
2025-10-31 09:27:39,111 : kivy : GL: Texture max size <16384>
2025-10-31 09:27:39,111 : kivy : GL: Texture max units <32>
2025-10-31 09:27:39,178 : kivy : Window: auto add sdl2 input provider
2025-10-31 09:27:39,178 : kivy : Window: virtual keyboard not allowed, single mode, not docked
2025-10-31 09:27:39,189 : AudioInterface : NOTE: You may experience noise and other undesirable sound artifacts when you set your buffer at 1024 or smaller.
2025-10-31 09:27:41,529 : AudioInterface : Initialized
2025-10-31 09:27:41,529 : AudioInterface : Loaded SDL 2.26.4
2025-10-31 09:27:41,529 : AudioInterface : Loaded SDL_Mixer 2.6.3
2025-10-31 09:27:41,529 : AudioInterface : Loaded GStreamer 1.18.5.0
2025-10-31 09:27:41,529 : AudioInterface : Loaded GLib 2.62.6
2025-10-31 09:27:41,529 : AudioInterface : Settings requested - rate: 44100, channels: 1, buffer: 1024 samples
2025-10-31 09:27:41,529 : AudioInterface : Settings in use - rate: 44100, channels: 1, buffer: 1024 samples (2048 bytes @ 2 bytes per sample)
2025-10-31 09:27:41,530 : SoundSystem : Setting master volume to 0.0
2025-10-31 09:27:41,530 : AudioInterface : Enabling audio playback
2025-10-31 09:27:41,531 : kivy : Base: Start application main loop
2025-10-31 09:27:41,543 : mpfmc : Display: Setting 'window' as default display
2025-10-31 09:27:41,872 : kivy : Base: Leaving application in progress...
2025-10-31 09:27:41,872 : root : Exception while processing RegisteredHandler(callback=<bound method BaseAssetManager._create_assets of <mpfmc.core.assets.ThreadedAssetManager object at 0x00000260EB02C460>>, priority=1, kwargs={'force_assets_load': False}, key=UUID('46eddb89-abd6-4c0a-8a4a-782357cfcafa'), condition=None, blocking_facility=None) for event init_phase_3. Sound fordt_ride_music_1 does not have a valid track.
Traceback (most recent call last):
  File "C:\Program Files\Python311\Lib\site-packages\mpf\core\events.py", line 755, in _run_handlers
    result = handler.callback(**merged_kwargs)
             ^^^^^^^^^^^^^^^^^^^^^^^^^^^^^^^^^
  File "C:\Program Files\Python311\Lib\site-packages\mpf\core\assets.py", line 203, in _create_assets
    self._create_assets_from_disk(config=self.machine.machine_config)
  File "C:\Program Files\Python311\Lib\site-packages\mpf\core\assets.py", line 324, in _create_assets_from_disk
    getattr(self.machine, ac.attribute)[asset] = ac.cls(
                                                 ^^^^^^^
  File "C:\Program Files\Python311\Lib\site-packages\mpfmc\assets\sound.py", line 268, in __init__
    raise AssertionError("Sound {} does not have a valid track.".format(name))
AssertionError: Sound fordt_ride_music_1 does not have a valid track.

The above exception was the direct cause of the following exception:

Traceback (most recent call last):
  File "C:\Program Files\Python311\Lib\site-packages\mpfmc\commands\mc.py", line 217, in __init__
    thread_stopper=thread_stopper).run()
                                   ^^^^^
  File "C:\Program Files\Python311\Lib\site-packages\kivy\app.py", line 956, in run
    runTouchApp()
  File "C:\Program Files\Python311\Lib\site-packages\kivy\base.py", line 574, in runTouchApp
    EventLoop.mainloop()
  File "C:\Program Files\Python311\Lib\site-packages\kivy\base.py", line 339, in mainloop
    self.idle()
  File "C:\Program Files\Python311\Lib\site-packages\kivy\base.py", line 379, in idle
    Clock.tick()
  File "C:\Program Files\Python311\Lib\site-packages\kivy\clock.py", line 733, in tick
    self.post_idle(ts, self.idle())
  File "C:\Program Files\Python311\Lib\site-packages\kivy\clock.py", line 776, in post_idle
    self._process_events()
  File "kivy\_clock.pyx", line 620, in kivy._clock.CyClockBase._process_events
  File "kivy\_clock.pyx", line 653, in kivy._clock.CyClockBase._process_events
  File "kivy\_clock.pyx", line 649, in kivy._clock.CyClockBase._process_events
  File "kivy\_clock.pyx", line 218, in kivy._clock.ClockEvent.tick
  File "C:\Program Files\Python311\Lib\site-packages\mpfmc\uix\display.py", line 211, in _displays_initialized
    self.mc.displays_initialized()
  File "C:\Program Files\Python311\Lib\site-packages\mpfmc\core\mc.py", line 347, in displays_initialized
    self._init()
  File "C:\Program Files\Python311\Lib\site-packages\mpfmc\core\mc.py", line 395, in _init
    self.events.process_event_queue()
  File "C:\Program Files\Python311\Lib\site-packages\mpf\core\events.py", line 846, in process_event_queue
    self._process_event(event=event[0],
  File "C:\Program Files\Python311\Lib\site-packages\mpf\core\events.py", line 808, in _process_event
    result = self._run_handlers(event, ev_type, kwargs)
             ^^^^^^^^^^^^^^^^^^^^^^^^^^^^^^^^^^^^^^^^^^
  File "C:\Program Files\Python311\Lib\site-packages\mpf\core\events.py", line 757, in _run_handlers
    raise EventHandlerException(
mpf.core.events.EventHandlerException: Exception while processing RegisteredHandler(callback=<bound method BaseAssetManager._create_assets of <mpfmc.core.assets.ThreadedAssetManager object at 0x00000260EB02C460>>, priority=1, kwargs={'force_assets_load': False}, key=UUID('46eddb89-abd6-4c0a-8a4a-782357cfcafa'), condition=None, blocking_facility=None) for event init_phase_3. Sound fordt_ride_music_1 does not have a valid track.
2025-10-31 09:27:41,968 : root : Stopping child threads... (1 remaining)
2025-10-31 09:27:42,571 : root : All child threads stopped.
